# JRE version: Java(TM) SE Runtime Environment (8.0_31-b13) (build 1.8.0_31-b13)
# Java VM: Java HotSpot(TM) Client VM (25.31-b07 mixed mode windows-x86 )
Heap:
 def new generation   total 4928K, used 1666K [0x04c00000, 0x05150000, 0x0a150000)
  eden space 4416K,  37% used [0x04c00000, 0x04da0280, 0x05050000)
  from space 512K,   0% used [0x050d0000, 0x050d08f0, 0x05150000)
  to   space 512K,   0% used [0x05050000, 0x05050000, 0x050d0000)
 tenured generation   total 10944K, used 644K [0x0a150000, 0x0ac00000, 0x14c00000)
   the space 10944K,   5% used [0x0a150000, 0x0a1f1310, 0x0a1f1400, 0x0ac00000)
 Metaspace       used 2057K, capacity 2504K, committed 2624K, reserved 4480K
GC Heap History (6 events):
Event: 28.117 GC heap before
{Heap before GC invocations=0 (full 0):
 def new generation   total 4928K, used 4416K [0x04c00000, 0x05150000, 0x0a150000)
  eden space 4416K, 100% used [0x04c00000, 0x05050000, 0x05050000)
  from space 512K,   0% used [0x05050000, 0x05050000, 0x050d0000)
  to   space 512K,   0% used [0x050d0000, 0x050d0000, 0x05150000)
 tenured generation   total 10944K, used 0K [0x0a150000, 0x0ac00000, 0x14c00000)
   the space 10944K,   0% used [0x0a150000, 0x0a150000, 0x0a150200, 0x0ac00000)
 Metaspace       used 2055K, capacity 2504K, committed 2624K, reserved 4480K
Event: 28.122 GC heap after
Heap after GC invocations=1 (full 0):
 def new generation   total 4928K, used 512K [0x04c00000, 0x05150000, 0x0a150000)
  eden space 4416K,   0% used [0x04c00000, 0x04c00000, 0x05050000)
  from space 512K, 100% used [0x050d0000, 0x05150000, 0x05150000)
  to   space 512K,   0% used [0x05050000, 0x05050000, 0x050d0000)
 tenured generation   total 10944K, used 135K [0x0a150000, 0x0ac00000, 0x14c00000)
   the space 10944K,   1% used [0x0a150000, 0x0a171dd8, 0x0a171e00, 0x0ac00000)
 Metaspace       used 2055K, capacity 2504K, committed 2624K, reserved 4480K
}
Event: 56.056 GC heap before
{Heap before GC invocations=1 (full 0):
 def new generation   total 4928K, used 4928K [0x04c00000, 0x05150000, 0x0a150000)
  eden space 4416K, 100% used [0x04c00000, 0x05050000, 0x05050000)
  from space 512K, 100% used [0x050d0000, 0x05150000, 0x05150000)
  to   space 512K,   0% used [0x05050000, 0x05050000, 0x050d0000)
 tenured generation   total 10944K, used 135K [0x0a150000, 0x0ac00000, 0x14c00000)
   the space 10944K,   1% used [0x0a150000, 0x0a171dd8, 0x0a171e00, 0x0ac00000)
 Metaspace       used 2056K, capacity 2504K, committed 2624K, reserved 4480K
Event: 56.061 GC heap after
Heap after GC invocations=2 (full 0):
 def new generation   total 4928K, used 1K [0x04c00000, 0x05150000, 0x0a150000)
  eden space 4416K,   0% used [0x04c00000, 0x04c00000, 0x05050000)
  from space 512K,   0% used [0x05050000, 0x05050630, 0x050d0000)
  to   space 512K,   0% used [0x050d0000, 0x050d0000, 0x05150000)
 tenured generation   total 10944K, used 644K [0x0a150000, 0x0ac00000, 0x14c00000)
   the space 10944K,   5% used [0x0a150000, 0x0a1f1310, 0x0a1f1400, 0x0ac00000)
 Metaspace       used 2056K, capacity 2504K, committed 2624K, reserved 4480K
}
Event: 77.509 GC heap before
{Heap before GC invocations=2 (full 0):
 def new generation   total 4928K, used 4417K [0x04c00000, 0x05150000, 0x0a150000)
  eden space 4416K, 100% used [0x04c00000, 0x05050000, 0x05050000)
  from space 512K,   0% used [0x05050000, 0x05050630, 0x050d0000)
  to   space 512K,   0% used [0x050d0000, 0x050d0000, 0x05150000)
 tenured generation   total 10944K, used 644K [0x0a150000, 0x0ac00000, 0x14c00000)
   the space 10944K,   5% used [0x0a150000, 0x0a1f1310, 0x0a1f1400, 0x0ac00000)
 Metaspace       used 2056K, capacity 2504K, committed 2624K, reserved 4480K
Event: 77.510 GC heap after
Heap after GC invocations=3 (full 0):
 def new generation   total 4928K, used 2K [0x04c00000, 0x05150000, 0x0a150000)
  eden space 4416K,   0% used [0x04c00000, 0x04c00000, 0x05050000)
  from space 512K,   0% used [0x050d0000, 0x050d08f0, 0x05150000)
  to   space 512K,   0% used [0x05050000, 0x05050000, 0x050d0000)
 tenured generation   total 10944K, used 644K [0x0a150000, 0x0ac00000, 0x14c00000)
   the space 10944K,   5% used [0x0a150000, 0x0a1f1310, 0x0a1f1400, 0x0ac00000)
 Metaspace       used 2056K, capacity 2504K, committed 2624K, reserved 4480K
}

