# JRE version: Java(TM) SE Runtime Environment (8.0_31-b13) (build 1.8.0_31-b13)
# Java VM: Java HotSpot(TM) Client VM (25.31-b07 mixed mode windows-x86 )
Heap:
 def new generation   total 4928K, used 1760K [0x04e00000, 0x05350000, 0x0a350000)
  eden space 4416K,  39% used [0x04e00000, 0x04fb7978, 0x05250000)
  from space 512K,   0% used [0x052d0000, 0x052d0990, 0x05350000)
  to   space 512K,   0% used [0x05250000, 0x05250000, 0x052d0000)
 tenured generation   total 10944K, used 657K [0x0a350000, 0x0ae00000, 0x14e00000)
   the space 10944K,   6% used [0x0a350000, 0x0a3f4618, 0x0a3f4800, 0x0ae00000)
 Metaspace       used 2059K, capacity 2504K, committed 2624K, reserved 4480K
GC Heap History (6 events):
Event: 25.877 GC heap before
{Heap before GC invocations=0 (full 0):
 def new generation   total 4928K, used 4416K [0x04e00000, 0x05350000, 0x0a350000)
  eden space 4416K, 100% used [0x04e00000, 0x05250000, 0x05250000)
  from space 512K,   0% used [0x05250000, 0x05250000, 0x052d0000)
  to   space 512K,   0% used [0x052d0000, 0x052d0000, 0x05350000)
 tenured generation   total 10944K, used 0K [0x0a350000, 0x0ae00000, 0x14e00000)
   the space 10944K,   0% used [0x0a350000, 0x0a350000, 0x0a350200, 0x0ae00000)
 Metaspace       used 2057K, capacity 2504K, committed 2624K, reserved 4480K
Event: 25.879 GC heap after
Heap after GC invocations=1 (full 0):
 def new generation   total 4928K, used 512K [0x04e00000, 0x05350000, 0x0a350000)
  eden space 4416K,   0% used [0x04e00000, 0x04e00000, 0x05250000)
  from space 512K, 100% used [0x052d0000, 0x05350000, 0x05350000)
  to   space 512K,   0% used [0x05250000, 0x05250000, 0x052d0000)
 tenured generation   total 10944K, used 145K [0x0a350000, 0x0ae00000, 0x14e00000)
   the space 10944K,   1% used [0x0a350000, 0x0a374748, 0x0a374800, 0x0ae00000)
 Metaspace       used 2057K, capacity 2504K, committed 2624K, reserved 4480K
}
Event: 52.451 GC heap before
{Heap before GC invocations=1 (full 0):
 def new generation   total 4928K, used 4928K [0x04e00000, 0x05350000, 0x0a350000)
  eden space 4416K, 100% used [0x04e00000, 0x05250000, 0x05250000)
  from space 512K, 100% used [0x052d0000, 0x05350000, 0x05350000)
  to   space 512K,   0% used [0x05250000, 0x05250000, 0x052d0000)
 tenured generation   total 10944K, used 145K [0x0a350000, 0x0ae00000, 0x14e00000)
   the space 10944K,   1% used [0x0a350000, 0x0a374748, 0x0a374800, 0x0ae00000)
 Metaspace       used 2057K, capacity 2504K, committed 2624K, reserved 4480K
Event: 52.456 GC heap after
Heap after GC invocations=2 (full 0):
 def new generation   total 4928K, used 1K [0x04e00000, 0x05350000, 0x0a350000)
  eden space 4416K,   0% used [0x04e00000, 0x04e00000, 0x05250000)
  from space 512K,   0% used [0x05250000, 0x05250618, 0x052d0000)
  to   space 512K,   0% used [0x052d0000, 0x052d0000, 0x05350000)
 tenured generation   total 10944K, used 657K [0x0a350000, 0x0ae00000, 0x14e00000)
   the space 10944K,   6% used [0x0a350000, 0x0a3f4618, 0x0a3f4800, 0x0ae00000)
 Metaspace       used 2057K, capacity 2504K, committed 2624K, reserved 4480K
}
Event: 75.369 GC heap before
{Heap before GC invocations=2 (full 0):
 def new generation   total 4928K, used 4417K [0x04e00000, 0x05350000, 0x0a350000)
  eden space 4416K, 100% used [0x04e00000, 0x05250000, 0x05250000)
  from space 512K,   0% used [0x05250000, 0x05250618, 0x052d0000)
  to   space 512K,   0% used [0x052d0000, 0x052d0000, 0x05350000)
 tenured generation   total 10944K, used 657K [0x0a350000, 0x0ae00000, 0x14e00000)
   the space 10944K,   6% used [0x0a350000, 0x0a3f4618, 0x0a3f4800, 0x0ae00000)
 Metaspace       used 2058K, capacity 2504K, committed 2624K, reserved 4480K
Event: 75.370 GC heap after
Heap after GC invocations=3 (full 0):
 def new generation   total 4928K, used 2K [0x04e00000, 0x05350000, 0x0a350000)
  eden space 4416K,   0% used [0x04e00000, 0x04e00000, 0x05250000)
  from space 512K,   0% used [0x052d0000, 0x052d0990, 0x05350000)
  to   space 512K,   0% used [0x05250000, 0x05250000, 0x052d0000)
 tenured generation   total 10944K, used 657K [0x0a350000, 0x0ae00000, 0x14e00000)
   the space 10944K,   6% used [0x0a350000, 0x0a3f4618, 0x0a3f4800, 0x0ae00000)
 Metaspace       used 2058K, capacity 2504K, committed 2624K, reserved 4480K
}

