# JRE version: Java(TM) SE Runtime Environment (8.0_31-b13) (build 1.8.0_31-b13)
# Java VM: Java HotSpot(TM) Client VM (25.31-b07 mixed mode windows-x86 )
Heap:
 def new generation   total 4928K, used 2641K [0x04e00000, 0x05350000, 0x0a350000)
  eden space 4416K,  59% used [0x04e00000, 0x05093fa0, 0x05250000)
  from space 512K,   0% used [0x052d0000, 0x052d0830, 0x05350000)
  to   space 512K,   0% used [0x05250000, 0x05250000, 0x052d0000)
 tenured generation   total 10944K, used 643K [0x0a350000, 0x0ae00000, 0x14e00000)
   the space 10944K,   5% used [0x0a350000, 0x0a3f0ee0, 0x0a3f1000, 0x0ae00000)
 Metaspace       used 2018K, capacity 2504K, committed 2624K, reserved 4480K
GC Heap History (6 events):
Event: 25.380 GC heap before
{Heap before GC invocations=0 (full 0):
 def new generation   total 4928K, used 4416K [0x04e00000, 0x05350000, 0x0a350000)
  eden space 4416K, 100% used [0x04e00000, 0x05250000, 0x05250000)
  from space 512K,   0% used [0x05250000, 0x05250000, 0x052d0000)
  to   space 512K,   0% used [0x052d0000, 0x052d0000, 0x05350000)
 tenured generation   total 10944K, used 0K [0x0a350000, 0x0ae00000, 0x14e00000)
   the space 10944K,   0% used [0x0a350000, 0x0a350000, 0x0a350200, 0x0ae00000)
 Metaspace       used 2016K, capacity 2504K, committed 2624K, reserved 4480K
Event: 25.383 GC heap after
Heap after GC invocations=1 (full 0):
 def new generation   total 4928K, used 512K [0x04e00000, 0x05350000, 0x0a350000)
  eden space 4416K,   0% used [0x04e00000, 0x04e00000, 0x05250000)
  from space 512K, 100% used [0x052d0000, 0x05350000, 0x05350000)
  to   space 512K,   0% used [0x05250000, 0x05250000, 0x052d0000)
 tenured generation   total 10944K, used 134K [0x0a350000, 0x0ae00000, 0x14e00000)
   the space 10944K,   1% used [0x0a350000, 0x0a371ba8, 0x0a371c00, 0x0ae00000)
 Metaspace       used 2016K, capacity 2504K, committed 2624K, reserved 4480K
}
Event: 52.557 GC heap before
{Heap before GC invocations=1 (full 0):
 def new generation   total 4928K, used 4928K [0x04e00000, 0x05350000, 0x0a350000)
  eden space 4416K, 100% used [0x04e00000, 0x05250000, 0x05250000)
  from space 512K, 100% used [0x052d0000, 0x05350000, 0x05350000)
  to   space 512K,   0% used [0x05250000, 0x05250000, 0x052d0000)
 tenured generation   total 10944K, used 134K [0x0a350000, 0x0ae00000, 0x14e00000)
   the space 10944K,   1% used [0x0a350000, 0x0a371ba8, 0x0a371c00, 0x0ae00000)
 Metaspace       used 2016K, capacity 2504K, committed 2624K, reserved 4480K
Event: 52.558 GC heap after
Heap after GC invocations=2 (full 0):
 def new generation   total 4928K, used 1K [0x04e00000, 0x05350000, 0x0a350000)
  eden space 4416K,   0% used [0x04e00000, 0x04e00000, 0x05250000)
  from space 512K,   0% used [0x05250000, 0x052505a0, 0x052d0000)
  to   space 512K,   0% used [0x052d0000, 0x052d0000, 0x05350000)
 tenured generation   total 10944K, used 643K [0x0a350000, 0x0ae00000, 0x14e00000)
   the space 10944K,   5% used [0x0a350000, 0x0a3f0ee0, 0x0a3f1000, 0x0ae00000)
 Metaspace       used 2016K, capacity 2504K, committed 2624K, reserved 4480K
}
Event: 73.666 GC heap before
{Heap before GC invocations=2 (full 0):
 def new generation   total 4928K, used 4417K [0x04e00000, 0x05350000, 0x0a350000)
  eden space 4416K, 100% used [0x04e00000, 0x05250000, 0x05250000)
  from space 512K,   0% used [0x05250000, 0x052505a0, 0x052d0000)
  to   space 512K,   0% used [0x052d0000, 0x052d0000, 0x05350000)
 tenured generation   total 10944K, used 643K [0x0a350000, 0x0ae00000, 0x14e00000)
   the space 10944K,   5% used [0x0a350000, 0x0a3f0ee0, 0x0a3f1000, 0x0ae00000)
 Metaspace       used 2017K, capacity 2504K, committed 2624K, reserved 4480K
Event: 73.667 GC heap after
Heap after GC invocations=3 (full 0):
 def new generation   total 4928K, used 2K [0x04e00000, 0x05350000, 0x0a350000)
  eden space 4416K,   0% used [0x04e00000, 0x04e00000, 0x05250000)
  from space 512K,   0% used [0x052d0000, 0x052d0830, 0x05350000)
  to   space 512K,   0% used [0x05250000, 0x05250000, 0x052d0000)
 tenured generation   total 10944K, used 643K [0x0a350000, 0x0ae00000, 0x14e00000)
   the space 10944K,   5% used [0x0a350000, 0x0a3f0ee0, 0x0a3f1000, 0x0ae00000)
 Metaspace       used 2017K, capacity 2504K, committed 2624K, reserved 4480K
}

