# JRE version: Java(TM) SE Runtime Environment (8.0_31-b13) (build 1.8.0_31-b13)
# Java VM: Java HotSpot(TM) Client VM (25.31-b07 mixed mode windows-x86 )
Heap:
 def new generation   total 4928K, used 2380K [0x05200000, 0x05750000, 0x0a750000)
  eden space 4416K,  53% used [0x05200000, 0x054525f8, 0x05650000)
  from space 512K,   0% used [0x05650000, 0x05650dd8, 0x056d0000)
  to   space 512K,   0% used [0x056d0000, 0x056d0000, 0x05750000)
 tenured generation   total 10944K, used 652K [0x0a750000, 0x0b200000, 0x15200000)
   the space 10944K,   5% used [0x0a750000, 0x0a7f30e0, 0x0a7f3200, 0x0b200000)
 Metaspace       used 2083K, capacity 2536K, committed 2624K, reserved 4480K
GC Heap History (8 events):
Event: 28.005 GC heap before
{Heap before GC invocations=0 (full 0):
 def new generation   total 4928K, used 4416K [0x05200000, 0x05750000, 0x0a750000)
  eden space 4416K, 100% used [0x05200000, 0x05650000, 0x05650000)
  from space 512K,   0% used [0x05650000, 0x05650000, 0x056d0000)
  to   space 512K,   0% used [0x056d0000, 0x056d0000, 0x05750000)
 tenured generation   total 10944K, used 0K [0x0a750000, 0x0b200000, 0x15200000)
   the space 10944K,   0% used [0x0a750000, 0x0a750000, 0x0a750200, 0x0b200000)
 Metaspace       used 2056K, capacity 2504K, committed 2624K, reserved 4480K
Event: 28.010 GC heap after
Heap after GC invocations=1 (full 0):
 def new generation   total 4928K, used 512K [0x05200000, 0x05750000, 0x0a750000)
  eden space 4416K,   0% used [0x05200000, 0x05200000, 0x05650000)
  from space 512K, 100% used [0x056d0000, 0x05750000, 0x05750000)
  to   space 512K,   0% used [0x05650000, 0x05650000, 0x056d0000)
 tenured generation   total 10944K, used 140K [0x0a750000, 0x0b200000, 0x15200000)
   the space 10944K,   1% used [0x0a750000, 0x0a773248, 0x0a773400, 0x0b200000)
 Metaspace       used 2056K, capacity 2504K, committed 2624K, reserved 4480K
}
Event: 54.889 GC heap before
{Heap before GC invocations=1 (full 0):
 def new generation   total 4928K, used 4928K [0x05200000, 0x05750000, 0x0a750000)
  eden space 4416K, 100% used [0x05200000, 0x05650000, 0x05650000)
  from space 512K, 100% used [0x056d0000, 0x05750000, 0x05750000)
  to   space 512K,   0% used [0x05650000, 0x05650000, 0x056d0000)
 tenured generation   total 10944K, used 140K [0x0a750000, 0x0b200000, 0x15200000)
   the space 10944K,   1% used [0x0a750000, 0x0a773248, 0x0a773400, 0x0b200000)
 Metaspace       used 2065K, capacity 2504K, committed 2624K, reserved 4480K
Event: 54.893 GC heap after
Heap after GC invocations=2 (full 0):
 def new generation   total 4928K, used 1K [0x05200000, 0x05750000, 0x0a750000)
  eden space 4416K,   0% used [0x05200000, 0x05200000, 0x05650000)
  from space 512K,   0% used [0x05650000, 0x05650638, 0x056d0000)
  to   space 512K,   0% used [0x056d0000, 0x056d0000, 0x05750000)
 tenured generation   total 10944K, used 652K [0x0a750000, 0x0b200000, 0x15200000)
   the space 10944K,   5% used [0x0a750000, 0x0a7f30e0, 0x0a7f3200, 0x0b200000)
 Metaspace       used 2065K, capacity 2504K, committed 2624K, reserved 4480K
}
Event: 75.635 GC heap before
{Heap before GC invocations=2 (full 0):
 def new generation   total 4928K, used 4417K [0x05200000, 0x05750000, 0x0a750000)
  eden space 4416K, 100% used [0x05200000, 0x05650000, 0x05650000)
  from space 512K,   0% used [0x05650000, 0x05650638, 0x056d0000)
  to   space 512K,   0% used [0x056d0000, 0x056d0000, 0x05750000)
 tenured generation   total 10944K, used 652K [0x0a750000, 0x0b200000, 0x15200000)
   the space 10944K,   5% used [0x0a750000, 0x0a7f30e0, 0x0a7f3200, 0x0b200000)
 Metaspace       used 2082K, capacity 2536K, committed 2624K, reserved 4480K
Event: 75.636 GC heap after
Heap after GC invocations=3 (full 0):
 def new generation   total 4928K, used 2K [0x05200000, 0x05750000, 0x0a750000)
  eden space 4416K,   0% used [0x05200000, 0x05200000, 0x05650000)
  from space 512K,   0% used [0x056d0000, 0x056d09f0, 0x05750000)
  to   space 512K,   0% used [0x05650000, 0x05650000, 0x056d0000)
 tenured generation   total 10944K, used 652K [0x0a750000, 0x0b200000, 0x15200000)
   the space 10944K,   5% used [0x0a750000, 0x0a7f30e0, 0x0a7f3200, 0x0b200000)
 Metaspace       used 2082K, capacity 2536K, committed 2624K, reserved 4480K
}
Event: 97.881 GC heap before
{Heap before GC invocations=3 (full 0):
 def new generation   total 4928K, used 4418K [0x05200000, 0x05750000, 0x0a750000)
  eden space 4416K, 100% used [0x05200000, 0x05650000, 0x05650000)
  from space 512K,   0% used [0x056d0000, 0x056d09f0, 0x05750000)
  to   space 512K,   0% used [0x05650000, 0x05650000, 0x056d0000)
 tenured generation   total 10944K, used 652K [0x0a750000, 0x0b200000, 0x15200000)
   the space 10944K,   5% used [0x0a750000, 0x0a7f30e0, 0x0a7f3200, 0x0b200000)
 Metaspace       used 2082K, capacity 2536K, committed 2624K, reserved 4480K
Event: 97.882 GC heap after
Heap after GC invocations=4 (full 0):
 def new generation   total 4928K, used 3K [0x05200000, 0x05750000, 0x0a750000)
  eden space 4416K,   0% used [0x05200000, 0x05200000, 0x05650000)
  from space 512K,   0% used [0x05650000, 0x05650dd8, 0x056d0000)
  to   space 512K,   0% used [0x056d0000, 0x056d0000, 0x05750000)
 tenured generation   total 10944K, used 652K [0x0a750000, 0x0b200000, 0x15200000)
   the space 10944K,   5% used [0x0a750000, 0x0a7f30e0, 0x0a7f3200, 0x0b200000)
 Metaspace       used 2082K, capacity 2536K, committed 2624K, reserved 4480K
}

